[07:27:32] alt:V Server 16.2.13 (release)
[07:27:33] Starting alt:V Server on [::]:7788
[07:27:33] Loading resource chat
[07:27:33] Loaded resource chat
[07:27:33] Loading resource freeroam
[07:27:33] Loaded resource freeroam
[07:27:33] Loading resource EasyNoClip
[07:27:33] Loaded resource EasyNoClip
[07:27:33] Loading resource core
[07:27:33][js] [MySQL] База данных подключена.
[07:27:33] Loaded resource core
[07:27:33] Loading resource locations
[07:27:33] Loaded resource locations
[07:27:33] Loading resource fixes
[07:27:33] Loaded resource fixes
[07:27:33] Required server permissions:
[07:27:33] Optional server permissions:
[07:27:33] Starting HTTP server on [::]:7788
[07:27:33] Main thread started (ThreadId: 7012)
[07:27:33] EntityStreamer thread started (ThreadId: 17056)
[07:27:33] SyncSend thread started (ThreadId: 18420)
[07:27:33] SyncSend thread started (ThreadId: 11144)
[07:27:33] SyncSend thread started (ThreadId: 17936)
[07:27:33] SyncSend thread started (ThreadId: 14372)
[07:27:33] SyncSend thread started (ThreadId: 11928)
[07:27:33] SyncSend thread started (ThreadId: 2152)
[07:27:33] SyncSend thread started (ThreadId: 2640)
[07:27:33] SyncSend thread started (ThreadId: 9080)
[07:27:33] NetworkWorker #1 thread started (ThreadId: 21752)
[07:27:33] SyncReceive thread started (ThreadId: 13492)
[07:27:33] SyncReceive thread started (ThreadId: 18992)
[07:27:33] SyncReceive thread started (ThreadId: 14880)
[07:27:33] SyncReceive thread started (ThreadId: 10892)
[07:27:33] Console thread started (ThreadId: 21552)
[07:27:33][Warning] Server started in debug mode
[07:29:34] Stopping resource chat
[07:29:34] Stopping resource core
[07:29:34] Stopped resource core
[07:29:34] Stopping resource freeroam
[07:29:34] Stopped resource freeroam
[07:29:34] Stopped resource chat
[07:29:34] Stopping resource EasyNoClip
[07:29:34] Stopped resource EasyNoClip
[07:29:34] Stopping resource locations
[07:29:34] Stopped resource locations
[07:29:34] Stopping resource fixes
[07:29:34] Stopped resource fixes
